<?xml version="1.0" encoding="UTF-8"?>
<!-- Generated by org.testng.reporters.JUnitXMLReporter -->
<testsuite ignored="0" hostname="KSK-PC" failures="0" tests="8" name="ChromeTest" time="114.374" errors="0" timestamp="2025-01-29T23:38:21 IST">
  <testcase classname="testcases.TC001_AccountRegistrationTest" name="verifyAccountRegistration" time="24.39"/>
  <testcase classname="testcases.TC002_LoginTest" name="verify_login" time="11.511"/>
  <testcase classname="testcases.TC003_LoginDDT" name="verify_LoginDDT" time="4.687"/>
  <testcase classname="testcases.TC003_LoginDDT" name="verify_LoginDDT" time="13.972"/>
  <testcase classname="testcases.TC003_LoginDDT" name="verify_LoginDDT" time="14.008"/>
  <testcase classname="testcases.TC003_LoginDDT" name="verify_LoginDDT" time="13.983"/>
  <testcase classname="testcases.TC003_LoginDDT" name="verify_LoginDDT" time="5.095"/>
  <testcase classname="testcases.TC003_LoginDDT" name="verify_LoginDDT" time="14.099"/>
</testsuite> <!-- ChromeTest -->
