<?xml version="1.0" encoding="UTF-8"?>
<testsuite xmlns:xsi="http://www.w3.org/2001/XMLSchema-instance" xsi:noNamespaceSchemaLocation="https://maven.apache.org/surefire/maven-surefire-plugin/xsd/surefire-test-report.xsd" version="3.0.2" name="TestSuite" time="116.981" tests="8" errors="0" skipped="0" failures="0">
  <properties>
[...]
</properties>
  <testcase name="verifyAccountRegistration" classname="testcases.TC001_AccountRegistrationTest" time="24.418">
    <system-out><![CDATA[2025-01-29T18:06:26.179310600Z main INFO Starting configuration XmlConfiguration[location=C:\Eclipse\raulshettyframeworks\OpenCartFramework\target\test-classes\log4j2.xml, lastModified=2025-01-29T17:45:20.800Z]...
2025-01-29T18:06:26.181307300Z main INFO Start watching for changes to C:\Eclipse\raulshettyframeworks\OpenCartFramework\target\test-classes\log4j2.xml every 0 seconds
2025-01-29T18:06:26.181307300Z main INFO Configuration XmlConfiguration[location=C:\Eclipse\raulshettyframeworks\OpenCartFramework\target\test-classes\log4j2.xml, lastModified=2025-01-29T17:45:20.800Z] started.
2025-01-29T18:06:26.185315100Z main INFO Stopping configuration org.apache.logging.log4j.core.config.DefaultConfiguration@53dbe163...
2025-01-29T18:06:26.185315100Z main INFO Configuration org.apache.logging.log4j.core.config.DefaultConfiguration@53dbe163 stopped.
2025-01-29 23:36:30 INFO  TC001_AccountRegistrationTest:17 - *****Starting TC001_AccountRegistrationTest ****
2025-01-29 23:36:30 INFO  TC001_AccountRegistrationTest:26 - Clicked on My Account link
2025-01-29 23:36:30 INFO  TC001_AccountRegistrationTest:28 - Clicked on Register link
2025-01-29 23:36:44 INFO  TC001_AccountRegistrationTest:44 - Validating Expected message...
2025-01-29 23:36:54 INFO  TC001_AccountRegistrationTest:63 - ******Finished TC001_AccountRegistrationTest******
]]></system-out>
    <system-err><![CDATA[Jan 29, 2025 11:36:29 PM org.openqa.selenium.devtools.CdpVersionFinder findNearestMatch
WARNING: Unable to find an exact match for CDP version 132, returning the closest version; found: 131; Please update to a Selenium version that supports CDP version 132
]]></system-err>
  </testcase>
  <testcase name="verify_login" classname="testcases.TC002_LoginTest" time="11.513">
    <system-out><![CDATA[2025-01-29 23:36:56 INFO  TC002_LoginTest:16 - *********Start TC002_LoginTest*********
2025-01-29 23:37:08 INFO  TC002_LoginTest:37 - ****Finished TC002_LoginTest****
]]></system-out>
    <system-err><![CDATA[Jan 29, 2025 11:36:56 PM org.openqa.selenium.devtools.CdpVersionFinder findNearestMatch
WARNING: Unable to find an exact match for CDP version 132, returning the closest version; found: 131; Please update to a Selenium version that supports CDP version 132
]]></system-err>
  </testcase>
  <testcase name="verify_LoginDDT[ksk.ee25@gmail.com, test@123, Valid](1)" classname="testcases.TC003_LoginDDT" time="4.678">
    <system-out><![CDATA[2025-01-29 23:37:12 DEBUG PackageRelationshipCollection:307 - Parsing relationship: /xl/_rels/workbook.xml.rels
2025-01-29 23:37:12 DEBUG PackageRelationshipCollection:307 - Parsing relationship: /xl/worksheets/_rels/sheet1.xml.rels
2025-01-29 23:37:12 DEBUG PackageRelationshipCollection:307 - Parsing relationship: /_rels/.rels
2025-01-29 23:37:13 DEBUG PackageRelationshipCollection:307 - Parsing relationship: /xl/_rels/workbook.xml.rels
2025-01-29 23:37:13 DEBUG PackageRelationshipCollection:307 - Parsing relationship: /xl/worksheets/_rels/sheet1.xml.rels
2025-01-29 23:37:13 DEBUG PackageRelationshipCollection:307 - Parsing relationship: /_rels/.rels
2025-01-29 23:37:13 DEBUG PackageRelationshipCollection:307 - Parsing relationship: /xl/_rels/workbook.xml.rels
2025-01-29 23:37:13 DEBUG PackageRelationshipCollection:307 - Parsing relationship: /xl/worksheets/_rels/sheet1.xml.rels
2025-01-29 23:37:13 DEBUG PackageRelationshipCollection:307 - Parsing relationship: /_rels/.rels
2025-01-29 23:37:13 DEBUG PackageRelationshipCollection:307 - Parsing relationship: /xl/_rels/workbook.xml.rels
2025-01-29 23:37:13 DEBUG PackageRelationshipCollection:307 - Parsing relationship: /xl/worksheets/_rels/sheet1.xml.rels
2025-01-29 23:37:13 DEBUG PackageRelationshipCollection:307 - Parsing relationship: /_rels/.rels
2025-01-29 23:37:13 DEBUG PackageRelationshipCollection:307 - Parsing relationship: /xl/_rels/workbook.xml.rels
2025-01-29 23:37:13 DEBUG PackageRelationshipCollection:307 - Parsing relationship: /xl/worksheets/_rels/sheet1.xml.rels
2025-01-29 23:37:13 DEBUG PackageRelationshipCollection:307 - Parsing relationship: /_rels/.rels
2025-01-29 23:37:13 DEBUG PackageRelationshipCollection:307 - Parsing relationship: /xl/_rels/workbook.xml.rels
2025-01-29 23:37:13 DEBUG PackageRelationshipCollection:307 - Parsing relationship: /xl/worksheets/_rels/sheet1.xml.rels
2025-01-29 23:37:13 DEBUG PackageRelationshipCollection:307 - Parsing relationship: /_rels/.rels
2025-01-29 23:37:13 DEBUG PackageRelationshipCollection:307 - Parsing relationship: /xl/_rels/workbook.xml.rels
2025-01-29 23:37:13 DEBUG PackageRelationshipCollection:307 - Parsing relationship: /xl/worksheets/_rels/sheet1.xml.rels
2025-01-29 23:37:13 DEBUG PackageRelationshipCollection:307 - Parsing relationship: /_rels/.rels
2025-01-29 23:37:13 DEBUG PackageRelationshipCollection:307 - Parsing relationship: /xl/_rels/workbook.xml.rels
2025-01-29 23:37:13 DEBUG PackageRelationshipCollection:307 - Parsing relationship: /xl/worksheets/_rels/sheet1.xml.rels
2025-01-29 23:37:13 DEBUG PackageRelationshipCollection:307 - Parsing relationship: /_rels/.rels
2025-01-29 23:37:13 DEBUG PackageRelationshipCollection:307 - Parsing relationship: /xl/_rels/workbook.xml.rels
2025-01-29 23:37:13 DEBUG PackageRelationshipCollection:307 - Parsing relationship: /xl/worksheets/_rels/sheet1.xml.rels
2025-01-29 23:37:13 DEBUG PackageRelationshipCollection:307 - Parsing relationship: /_rels/.rels
2025-01-29 23:37:13 DEBUG PackageRelationshipCollection:307 - Parsing relationship: /xl/_rels/workbook.xml.rels
2025-01-29 23:37:13 DEBUG PackageRelationshipCollection:307 - Parsing relationship: /xl/worksheets/_rels/sheet1.xml.rels
2025-01-29 23:37:13 DEBUG PackageRelationshipCollection:307 - Parsing relationship: /_rels/.rels
2025-01-29 23:37:13 DEBUG PackageRelationshipCollection:307 - Parsing relationship: /xl/_rels/workbook.xml.rels
2025-01-29 23:37:13 DEBUG PackageRelationshipCollection:307 - Parsing relationship: /xl/worksheets/_rels/sheet1.xml.rels
2025-01-29 23:37:13 DEBUG PackageRelationshipCollection:307 - Parsing relationship: /_rels/.rels
2025-01-29 23:37:13 DEBUG PackageRelationshipCollection:307 - Parsing relationship: /xl/_rels/workbook.xml.rels
2025-01-29 23:37:13 DEBUG PackageRelationshipCollection:307 - Parsing relationship: /xl/worksheets/_rels/sheet1.xml.rels
2025-01-29 23:37:13 DEBUG PackageRelationshipCollection:307 - Parsing relationship: /_rels/.rels
2025-01-29 23:37:13 DEBUG PackageRelationshipCollection:307 - Parsing relationship: /xl/_rels/workbook.xml.rels
2025-01-29 23:37:13 DEBUG PackageRelationshipCollection:307 - Parsing relationship: /xl/worksheets/_rels/sheet1.xml.rels
2025-01-29 23:37:13 DEBUG PackageRelationshipCollection:307 - Parsing relationship: /_rels/.rels
2025-01-29 23:37:13 DEBUG PackageRelationshipCollection:307 - Parsing relationship: /xl/_rels/workbook.xml.rels
2025-01-29 23:37:13 DEBUG PackageRelationshipCollection:307 - Parsing relationship: /xl/worksheets/_rels/sheet1.xml.rels
2025-01-29 23:37:13 DEBUG PackageRelationshipCollection:307 - Parsing relationship: /_rels/.rels
2025-01-29 23:37:13 DEBUG PackageRelationshipCollection:307 - Parsing relationship: /xl/_rels/workbook.xml.rels
2025-01-29 23:37:13 DEBUG PackageRelationshipCollection:307 - Parsing relationship: /xl/worksheets/_rels/sheet1.xml.rels
2025-01-29 23:37:13 DEBUG PackageRelationshipCollection:307 - Parsing relationship: /_rels/.rels
2025-01-29 23:37:13 DEBUG PackageRelationshipCollection:307 - Parsing relationship: /xl/_rels/workbook.xml.rels
2025-01-29 23:37:13 DEBUG PackageRelationshipCollection:307 - Parsing relationship: /xl/worksheets/_rels/sheet1.xml.rels
2025-01-29 23:37:13 DEBUG PackageRelationshipCollection:307 - Parsing relationship: /_rels/.rels
2025-01-29 23:37:13 DEBUG PackageRelationshipCollection:307 - Parsing relationship: /xl/_rels/workbook.xml.rels
2025-01-29 23:37:13 DEBUG PackageRelationshipCollection:307 - Parsing relationship: /xl/worksheets/_rels/sheet1.xml.rels
2025-01-29 23:37:13 DEBUG PackageRelationshipCollection:307 - Parsing relationship: /_rels/.rels
2025-01-29 23:37:13 DEBUG PackageRelationshipCollection:307 - Parsing relationship: /xl/_rels/workbook.xml.rels
2025-01-29 23:37:13 DEBUG PackageRelationshipCollection:307 - Parsing relationship: /xl/worksheets/_rels/sheet1.xml.rels
2025-01-29 23:37:13 DEBUG PackageRelationshipCollection:307 - Parsing relationship: /_rels/.rels
2025-01-29 23:37:13 DEBUG PackageRelationshipCollection:307 - Parsing relationship: /xl/_rels/workbook.xml.rels
2025-01-29 23:37:13 DEBUG PackageRelationshipCollection:307 - Parsing relationship: /xl/worksheets/_rels/sheet1.xml.rels
2025-01-29 23:37:13 DEBUG PackageRelationshipCollection:307 - Parsing relationship: /_rels/.rels
2025-01-29 23:37:13 DEBUG PackageRelationshipCollection:307 - Parsing relationship: /xl/_rels/workbook.xml.rels
2025-01-29 23:37:13 DEBUG PackageRelationshipCollection:307 - Parsing relationship: /xl/worksheets/_rels/sheet1.xml.rels
2025-01-29 23:37:13 DEBUG PackageRelationshipCollection:307 - Parsing relationship: /_rels/.rels
2025-01-29 23:37:13 INFO  TC003_LoginDDT:16 - *****Starting TC003_LoginDTT******
2025-01-29 23:37:18 INFO  TC003_LoginDDT:53 - *****Finishing TC003_LoginDTT******
]]></system-out>
    <system-err><![CDATA[Jan 29, 2025 11:37:11 PM org.openqa.selenium.devtools.CdpVersionFinder findNearestMatch
WARNING: Unable to find an exact match for CDP version 132, returning the closest version; found: 131; Please update to a Selenium version that supports CDP version 132
]]></system-err>
  </testcase>
  <testcase name="verify_LoginDDT[lakshmi@yyyy.com, test@123, Invalid](2)" classname="testcases.TC003_LoginDDT" time="13.971">
    <system-out><![CDATA[2025-01-29 23:37:18 INFO  TC003_LoginDDT:16 - *****Starting TC003_LoginDTT******
2025-01-29 23:37:32 INFO  TC003_LoginDDT:53 - *****Finishing TC003_LoginDTT******
]]></system-out>
  </testcase>
  <testcase name="verify_LoginDDT[ll@yy.com, test@123, Invalid](3)" classname="testcases.TC003_LoginDDT" time="14.008">
    <system-out><![CDATA[2025-01-29 23:37:32 INFO  TC003_LoginDDT:16 - *****Starting TC003_LoginDTT******
2025-01-29 23:37:46 INFO  TC003_LoginDDT:53 - *****Finishing TC003_LoginDTT******
]]></system-out>
  </testcase>
  <testcase name="verify_LoginDDT[ksk.ee25@gmail.com, Invalid@123, Invalid](4)" classname="testcases.TC003_LoginDDT" time="13.985">
    <system-out><![CDATA[2025-01-29 23:37:46 INFO  TC003_LoginDDT:16 - *****Starting TC003_LoginDTT******
2025-01-29 23:38:00 INFO  TC003_LoginDDT:53 - *****Finishing TC003_LoginDTT******
]]></system-out>
  </testcase>
  <testcase name="verify_LoginDDT[ksk@gmail.com, test@123, Valid](5)" classname="testcases.TC003_LoginDDT" time="5.096">
    <system-out><![CDATA[2025-01-29 23:38:00 INFO  TC003_LoginDDT:16 - *****Starting TC003_LoginDTT******
2025-01-29 23:38:05 INFO  TC003_LoginDDT:53 - *****Finishing TC003_LoginDTT******
]]></system-out>
  </testcase>
  <testcase name="verify_LoginDDT[, test@123, Invalid](6)" classname="testcases.TC003_LoginDDT" time="14.099">
    <system-out><![CDATA[2025-01-29 23:38:05 INFO  TC003_LoginDDT:16 - *****Starting TC003_LoginDTT******
2025-01-29 23:38:19 INFO  TC003_LoginDDT:53 - *****Finishing TC003_LoginDTT******
]]></system-out>
  </testcase>
</testsuite>